{"C:\\Users\\ALMASRYA\\Desktop\\buddy-tour\\controllers\\bookingController.js": {"path":"C:\\Users\\ALMASRYA\\Desktop\\buddy-tour\\controllers\\bookingController.js","statementMap":{"0":{"start":{"line":1,"column":13},"end":{"line":1,"column":42}},"1":{"start":{"line":4,"column":17},"end":{"line":74,"column":1}},"2":{"start":{"line":5,"column":17},"end":{"line":5,"column":37}},"3":{"start":{"line":7,"column":2},"end":{"line":73,"column":3}},"4":{"start":{"line":18,"column":8},"end":{"line":18,"column":16}},"5":{"start":{"line":20,"column":4},"end":{"line":22,"column":5}},"6":{"start":{"line":21,"column":6},"end":{"line":21,"column":73}},"7":{"start":{"line":24,"column":4},"end":{"line":24,"column":32}},"8":{"start":{"line":26,"column":21},"end":{"line":34,"column":5}},"9":{"start":{"line":36,"column":24},"end":{"line":36,"column":63}},"10":{"start":{"line":37,"column":25},"end":{"line":37,"column":27}},"11":{"start":{"line":39,"column":4},"end":{"line":42,"column":5}},"12":{"start":{"line":40,"column":6},"end":{"line":40,"column":37}},"13":{"start":{"line":41,"column":6},"end":{"line":41,"column":76}},"14":{"start":{"line":44,"column":22},"end":{"line":58,"column":5}},"15":{"start":{"line":60,"column":4},"end":{"line":60,"column":33}},"16":{"start":{"line":62,"column":4},"end":{"line":65,"column":7}},"17":{"start":{"line":68,"column":4},"end":{"line":68,"column":35}},"18":{"start":{"line":69,"column":4},"end":{"line":69,"column":41}},"19":{"start":{"line":70,"column":4},"end":{"line":70,"column":72}},"20":{"start":{"line":72,"column":4},"end":{"line":72,"column":21}},"21":{"start":{"line":76,"column":0},"end":{"line":78,"column":2}}},"fnMap":{"0":{"name":"(anonymous_0)","decl":{"start":{"line":4,"column":17},"end":{"line":4,"column":18}},"loc":{"start":{"line":4,"column":37},"end":{"line":74,"column":1}},"line":4}},"branchMap":{"0":{"loc":{"start":{"line":20,"column":4},"end":{"line":22,"column":5}},"type":"if","locations":[{"start":{"line":20,"column":4},"end":{"line":22,"column":5}},{"start":{},"end":{}}],"line":20},"1":{"loc":{"start":{"line":20,"column":8},"end":{"line":20,"column":75}},"type":"binary-expr","locations":[{"start":{"line":20,"column":8},"end":{"line":20,"column":15}},{"start":{"line":20,"column":19},"end":{"line":20,"column":24}},{"start":{"line":20,"column":28},"end":{"line":20,"column":33}},{"start":{"line":20,"column":37},"end":{"line":20,"column":52}},{"start":{"line":20,"column":56},"end":{"line":20,"column":65}},{"start":{"line":20,"column":69},"end":{"line":20,"column":75}}],"line":20},"2":{"loc":{"start":{"line":39,"column":4},"end":{"line":42,"column":5}},"type":"if","locations":[{"start":{"line":39,"column":4},"end":{"line":42,"column":5}},{"start":{},"end":{}}],"line":39}},"s":{"0":3,"1":3,"2":21,"3":21,"4":21,"5":21,"6":14,"7":7,"8":7,"9":5,"10":5,"11":5,"12":2,"13":2,"14":3,"15":2,"16":2,"17":3,"18":3,"19":3,"20":21,"21":3},"f":{"0":21},"b":{"0":[14,7],"1":[21,14,13,12,11,8],"2":[2,3]},"_coverageSchema":"1a1c01bbd47fc00a2c39e90264f33305004495a9","hash":"668916585869c4290afeb8ec8006a018c74a94c6"}
,"C:\\Users\\ALMASRYA\\Desktop\\buddy-tour\\controllers\\tourController.js": {"path":"C:\\Users\\ALMASRYA\\Desktop\\buddy-tour\\controllers\\tourController.js","statementMap":{"0":{"start":{"line":1,"column":13},"end":{"line":1,"column":42}},"1":{"start":{"line":4,"column":20},"end":{"line":31,"column":1}},"2":{"start":{"line":5,"column":17},"end":{"line":5,"column":27}},"3":{"start":{"line":7,"column":2},"end":{"line":30,"column":3}},"4":{"start":{"line":8,"column":20},"end":{"line":11,"column":5}},"5":{"start":{"line":13,"column":4},"end":{"line":15,"column":5}},"6":{"start":{"line":14,"column":6},"end":{"line":14,"column":63}},"7":{"start":{"line":17,"column":25},"end":{"line":20,"column":5}},"8":{"start":{"line":22,"column":4},"end":{"line":25,"column":7}},"9":{"start":{"line":28,"column":4},"end":{"line":28,"column":46}},"10":{"start":{"line":29,"column":4},"end":{"line":29,"column":77}},"11":{"start":{"line":34,"column":22},"end":{"line":68,"column":1}},"12":{"start":{"line":35,"column":19},"end":{"line":35,"column":29}},"13":{"start":{"line":37,"column":2},"end":{"line":67,"column":3}},"14":{"start":{"line":38,"column":20},"end":{"line":44,"column":5}},"15":{"start":{"line":46,"column":4},"end":{"line":48,"column":5}},"16":{"start":{"line":47,"column":6},"end":{"line":47,"column":63}},"17":{"start":{"line":50,"column":19},"end":{"line":50,"column":37}},"18":{"start":{"line":52,"column":25},"end":{"line":58,"column":5}},"19":{"start":{"line":60,"column":4},"end":{"line":63,"column":7}},"20":{"start":{"line":65,"column":4},"end":{"line":65,"column":54}},"21":{"start":{"line":66,"column":4},"end":{"line":66,"column":87}},"22":{"start":{"line":71,"column":20},"end":{"line":81,"column":1}},"23":{"start":{"line":72,"column":2},"end":{"line":80,"column":3}},"24":{"start":{"line":73,"column":19},"end":{"line":75,"column":5}},"25":{"start":{"line":76,"column":4},"end":{"line":76,"column":37}},"26":{"start":{"line":78,"column":4},"end":{"line":78,"column":48}},"27":{"start":{"line":79,"column":4},"end":{"line":79,"column":52}},"28":{"start":{"line":83,"column":0},"end":{"line":87,"column":2}}},"fnMap":{"0":{"name":"(anonymous_0)","decl":{"start":{"line":4,"column":20},"end":{"line":4,"column":21}},"loc":{"start":{"line":4,"column":40},"end":{"line":31,"column":1}},"line":4},"1":{"name":"(anonymous_1)","decl":{"start":{"line":34,"column":22},"end":{"line":34,"column":23}},"loc":{"start":{"line":34,"column":42},"end":{"line":68,"column":1}},"line":34},"2":{"name":"(anonymous_2)","decl":{"start":{"line":71,"column":20},"end":{"line":71,"column":21}},"loc":{"start":{"line":71,"column":40},"end":{"line":81,"column":1}},"line":71}},"branchMap":{"0":{"loc":{"start":{"line":13,"column":4},"end":{"line":15,"column":5}},"type":"if","locations":[{"start":{"line":13,"column":4},"end":{"line":15,"column":5}},{"start":{},"end":{}}],"line":13},"1":{"loc":{"start":{"line":46,"column":4},"end":{"line":48,"column":5}},"type":"if","locations":[{"start":{"line":46,"column":4},"end":{"line":48,"column":5}},{"start":{},"end":{}}],"line":46}},"s":{"0":3,"1":3,"2":5,"3":5,"4":5,"5":4,"6":2,"7":2,"8":2,"9":1,"10":1,"11":3,"12":3,"13":3,"14":3,"15":3,"16":1,"17":2,"18":2,"19":2,"20":0,"21":0,"22":3,"23":4,"24":4,"25":2,"26":2,"27":2,"28":3},"f":{"0":5,"1":3,"2":4},"b":{"0":[2,2],"1":[1,2]},"_coverageSchema":"1a1c01bbd47fc00a2c39e90264f33305004495a9","hash":"7b2b4713a148902a773f07ad9dbdc5c09fe108ce"}
,"C:\\Users\\ALMASRYA\\Desktop\\buddy-tour\\routes\\bookingRoutes.js": {"path":"C:\\Users\\ALMASRYA\\Desktop\\buddy-tour\\routes\\bookingRoutes.js","statementMap":{"0":{"start":{"line":1,"column":16},"end":{"line":1,"column":34}},"1":{"start":{"line":2,"column":15},"end":{"line":2,"column":31}},"2":{"start":{"line":3,"column":21},"end":{"line":3,"column":64}},"3":{"start":{"line":4,"column":52},"end":{"line":4,"column":92}},"4":{"start":{"line":7,"column":0},"end":{"line":7,"column":36}},"5":{"start":{"line":10,"column":0},"end":{"line":10,"column":38}},"6":{"start":{"line":13,"column":0},"end":{"line":13,"column":50}},"7":{"start":{"line":16,"column":0},"end":{"line":16,"column":34}},"8":{"start":{"line":19,"column":0},"end":{"line":19,"column":24}}},"fnMap":{},"branchMap":{},"s":{"0":2,"1":2,"2":2,"3":2,"4":2,"5":2,"6":2,"7":2,"8":2},"f":{},"b":{},"_coverageSchema":"1a1c01bbd47fc00a2c39e90264f33305004495a9","hash":"49cb232c9703df106e2e500095f9e2df954046fc"}
,"C:\\Users\\ALMASRYA\\Desktop\\buddy-tour\\routes\\exchangeRatesRoute.js": {"path":"C:\\Users\\ALMASRYA\\Desktop\\buddy-tour\\routes\\exchangeRatesRoute.js","statementMap":{"0":{"start":{"line":1,"column":16},"end":{"line":1,"column":34}},"1":{"start":{"line":2,"column":15},"end":{"line":2,"column":31}},"2":{"start":{"line":3,"column":29},"end":{"line":3,"column":65}},"3":{"start":{"line":6,"column":0},"end":{"line":21,"column":3}},"4":{"start":{"line":7,"column":2},"end":{"line":20,"column":3}},"5":{"start":{"line":8,"column":19},"end":{"line":8,"column":43}},"6":{"start":{"line":10,"column":4},"end":{"line":16,"column":5}},"7":{"start":{"line":11,"column":6},"end":{"line":11,"column":55}},"8":{"start":{"line":12,"column":6},"end":{"line":12,"column":35}},"9":{"start":{"line":14,"column":6},"end":{"line":14,"column":43}},"10":{"start":{"line":15,"column":6},"end":{"line":15,"column":35}},"11":{"start":{"line":18,"column":4},"end":{"line":18,"column":59}},"12":{"start":{"line":19,"column":4},"end":{"line":19,"column":70}},"13":{"start":{"line":23,"column":0},"end":{"line":23,"column":24}}},"fnMap":{"0":{"name":"(anonymous_0)","decl":{"start":{"line":6,"column":34},"end":{"line":6,"column":35}},"loc":{"start":{"line":6,"column":54},"end":{"line":21,"column":1}},"line":6}},"branchMap":{"0":{"loc":{"start":{"line":10,"column":4},"end":{"line":16,"column":5}},"type":"if","locations":[{"start":{"line":10,"column":4},"end":{"line":16,"column":5}},{"start":{"line":13,"column":11},"end":{"line":16,"column":5}}],"line":10}},"s":{"0":1,"1":1,"2":1,"3":1,"4":7,"5":7,"6":6,"7":5,"8":5,"9":1,"10":1,"11":1,"12":1,"13":1},"f":{"0":7},"b":{"0":[5,1]},"_coverageSchema":"1a1c01bbd47fc00a2c39e90264f33305004495a9","hash":"76426248e989fdcd0d8cdafda91c7ff96873cf74"}
,"C:\\Users\\ALMASRYA\\Desktop\\buddy-tour\\services\\exchangeRates.js": {"path":"C:\\Users\\ALMASRYA\\Desktop\\buddy-tour\\services\\exchangeRates.js","statementMap":{"0":{"start":{"line":2,"column":17},"end":{"line":4,"column":74}},"1":{"start":{"line":3,"column":17},"end":{"line":3,"column":38}},"2":{"start":{"line":4,"column":17},"end":{"line":4,"column":74}},"3":{"start":{"line":4,"column":63},"end":{"line":4,"column":73}},"4":{"start":{"line":6,"column":18},"end":{"line":6,"column":93}},"5":{"start":{"line":7,"column":21},"end":{"line":7,"column":35}},"6":{"start":{"line":10,"column":17},"end":{"line":10,"column":38}},"7":{"start":{"line":12,"column":25},"end":{"line":58,"column":1}},"8":{"start":{"line":13,"column":2},"end":{"line":57,"column":3}},"9":{"start":{"line":15,"column":4},"end":{"line":17,"column":5}},"10":{"start":{"line":16,"column":6},"end":{"line":16,"column":71}},"11":{"start":{"line":19,"column":21},"end":{"line":21,"column":6}},"12":{"start":{"line":23,"column":4},"end":{"line":25,"column":5}},"13":{"start":{"line":24,"column":6},"end":{"line":24,"column":55}},"14":{"start":{"line":27,"column":20},"end":{"line":27,"column":41}},"15":{"start":{"line":28,"column":18},"end":{"line":34,"column":5}},"16":{"start":{"line":36,"column":20},"end":{"line":41,"column":5}},"17":{"start":{"line":43,"column":4},"end":{"line":43,"column":51}},"18":{"start":{"line":44,"column":4},"end":{"line":44,"column":62}},"19":{"start":{"line":47,"column":4},"end":{"line":47,"column":56}},"20":{"start":{"line":48,"column":4},"end":{"line":56,"column":6}},"21":{"start":{"line":60,"column":0},"end":{"line":60,"column":38}}},"fnMap":{"0":{"name":"(anonymous_0)","decl":{"start":{"line":3,"column":4},"end":{"line":3,"column":5}},"loc":{"start":{"line":3,"column":17},"end":{"line":3,"column":38}},"line":3},"1":{"name":"(anonymous_1)","decl":{"start":{"line":4,"column":4},"end":{"line":4,"column":5}},"loc":{"start":{"line":4,"column":17},"end":{"line":4,"column":74}},"line":4},"2":{"name":"(anonymous_2)","decl":{"start":{"line":4,"column":43},"end":{"line":4,"column":44}},"loc":{"start":{"line":4,"column":63},"end":{"line":4,"column":73}},"line":4},"3":{"name":"(anonymous_3)","decl":{"start":{"line":12,"column":25},"end":{"line":12,"column":26}},"loc":{"start":{"line":12,"column":37},"end":{"line":58,"column":1}},"line":12}},"branchMap":{"0":{"loc":{"start":{"line":2,"column":17},"end":{"line":4,"column":74}},"type":"cond-expr","locations":[{"start":{"line":3,"column":4},"end":{"line":3,"column":38}},{"start":{"line":4,"column":4},"end":{"line":4,"column":74}}],"line":2},"1":{"loc":{"start":{"line":15,"column":4},"end":{"line":17,"column":5}},"type":"if","locations":[{"start":{"line":15,"column":4},"end":{"line":17,"column":5}},{"start":{},"end":{}}],"line":15},"2":{"loc":{"start":{"line":15,"column":8},"end":{"line":15,"column":68}},"type":"binary-expr","locations":[{"start":{"line":15,"column":8},"end":{"line":15,"column":23}},{"start":{"line":15,"column":27},"end":{"line":15,"column":68}}],"line":15},"3":{"loc":{"start":{"line":23,"column":4},"end":{"line":25,"column":5}},"type":"if","locations":[{"start":{"line":23,"column":4},"end":{"line":25,"column":5}},{"start":{},"end":{}}],"line":23},"4":{"loc":{"start":{"line":30,"column":11},"end":{"line":30,"column":38}},"type":"binary-expr","locations":[{"start":{"line":30,"column":11},"end":{"line":30,"column":30}},{"start":{"line":30,"column":34},"end":{"line":30,"column":38}}],"line":30},"5":{"loc":{"start":{"line":31,"column":11},"end":{"line":31,"column":38}},"type":"binary-expr","locations":[{"start":{"line":31,"column":11},"end":{"line":31,"column":30}},{"start":{"line":31,"column":34},"end":{"line":31,"column":38}}],"line":31},"6":{"loc":{"start":{"line":32,"column":11},"end":{"line":32,"column":38}},"type":"binary-expr","locations":[{"start":{"line":32,"column":11},"end":{"line":32,"column":30}},{"start":{"line":32,"column":34},"end":{"line":32,"column":38}}],"line":32},"7":{"loc":{"start":{"line":33,"column":11},"end":{"line":33,"column":38}},"type":"binary-expr","locations":[{"start":{"line":33,"column":11},"end":{"line":33,"column":30}},{"start":{"line":33,"column":34},"end":{"line":33,"column":38}}],"line":33}},"s":{"0":5,"1":4,"2":0,"3":0,"4":5,"5":5,"6":5,"7":5,"8":5,"9":5,"10":1,"11":4,"12":3,"13":1,"14":2,"15":2,"16":2,"17":2,"18":2,"19":2,"20":2,"21":5},"f":{"0":4,"1":0,"2":0,"3":5},"b":{"0":[5,0],"1":[1,4],"2":[5,1],"3":[1,2],"4":[2,0],"5":[2,0],"6":[2,0],"7":[2,0]},"_coverageSchema":"1a1c01bbd47fc00a2c39e90264f33305004495a9","hash":"7a7c12752bc1b61b942486d61db59e330f246357"}
}
