{"C:\\Users\\DELL\\OneDrive\\Desktop\\buddy-tour\\controllers\\bookingController.js": {"path":"C:\\Users\\DELL\\OneDrive\\Desktop\\buddy-tour\\controllers\\bookingController.js","statementMap":{"0":{"start":{"line":1,"column":13},"end":{"line":1,"column":42}},"1":{"start":{"line":4,"column":17},"end":{"line":74,"column":1}},"2":{"start":{"line":5,"column":17},"end":{"line":5,"column":37}},"3":{"start":{"line":7,"column":2},"end":{"line":73,"column":3}},"4":{"start":{"line":18,"column":8},"end":{"line":18,"column":16}},"5":{"start":{"line":20,"column":4},"end":{"line":22,"column":5}},"6":{"start":{"line":21,"column":6},"end":{"line":21,"column":73}},"7":{"start":{"line":24,"column":4},"end":{"line":24,"column":32}},"8":{"start":{"line":26,"column":21},"end":{"line":34,"column":5}},"9":{"start":{"line":36,"column":24},"end":{"line":36,"column":63}},"10":{"start":{"line":37,"column":25},"end":{"line":37,"column":27}},"11":{"start":{"line":39,"column":4},"end":{"line":42,"column":5}},"12":{"start":{"line":40,"column":6},"end":{"line":40,"column":37}},"13":{"start":{"line":41,"column":6},"end":{"line":41,"column":76}},"14":{"start":{"line":44,"column":22},"end":{"line":58,"column":5}},"15":{"start":{"line":60,"column":4},"end":{"line":60,"column":33}},"16":{"start":{"line":62,"column":4},"end":{"line":65,"column":7}},"17":{"start":{"line":68,"column":4},"end":{"line":68,"column":35}},"18":{"start":{"line":69,"column":4},"end":{"line":69,"column":41}},"19":{"start":{"line":70,"column":4},"end":{"line":70,"column":72}},"20":{"start":{"line":72,"column":4},"end":{"line":72,"column":21}},"21":{"start":{"line":77,"column":26},"end":{"line":120,"column":1}},"22":{"start":{"line":78,"column":2},"end":{"line":119,"column":3}},"23":{"start":{"line":79,"column":54},"end":{"line":79,"column":63}},"24":{"start":{"line":81,"column":4},"end":{"line":85,"column":5}},"25":{"start":{"line":82,"column":6},"end":{"line":84,"column":9}},"26":{"start":{"line":88,"column":28},"end":{"line":93,"column":5}},"27":{"start":{"line":95,"column":4},"end":{"line":99,"column":5}},"28":{"start":{"line":96,"column":6},"end":{"line":98,"column":9}},"29":{"start":{"line":101,"column":56},"end":{"line":101,"column":79}},"30":{"start":{"line":102,"column":28},"end":{"line":102,"column":54}},"31":{"start":{"line":103,"column":20},"end":{"line":103,"column":54}},"32":{"start":{"line":105,"column":4},"end":{"line":114,"column":7}},"33":{"start":{"line":117,"column":4},"end":{"line":117,"column":52}},"34":{"start":{"line":118,"column":4},"end":{"line":118,"column":80}},"35":{"start":{"line":123,"column":23},"end":{"line":215,"column":1}},"36":{"start":{"line":124,"column":17},"end":{"line":124,"column":37}},"37":{"start":{"line":126,"column":2},"end":{"line":214,"column":3}},"38":{"start":{"line":127,"column":4},"end":{"line":127,"column":32}},"39":{"start":{"line":129,"column":55},"end":{"line":129,"column":63}},"40":{"start":{"line":131,"column":4},"end":{"line":136,"column":5}},"41":{"start":{"line":132,"column":6},"end":{"line":132,"column":37}},"42":{"start":{"line":133,"column":6},"end":{"line":135,"column":9}},"43":{"start":{"line":138,"column":27},"end":{"line":138,"column":42}},"44":{"start":{"line":139,"column":4},"end":{"line":142,"column":5}},"45":{"start":{"line":140,"column":6},"end":{"line":140,"column":37}},"46":{"start":{"line":141,"column":6},"end":{"line":141,"column":68}},"47":{"start":{"line":145,"column":24},"end":{"line":150,"column":5}},"48":{"start":{"line":152,"column":4},"end":{"line":155,"column":5}},"49":{"start":{"line":153,"column":6},"end":{"line":153,"column":37}},"50":{"start":{"line":154,"column":6},"end":{"line":154,"column":68}},"51":{"start":{"line":157,"column":21},"end":{"line":157,"column":40}},"52":{"start":{"line":158,"column":23},"end":{"line":158,"column":34}},"53":{"start":{"line":161,"column":4},"end":{"line":164,"column":6}},"54":{"start":{"line":167,"column":32},"end":{"line":170,"column":5}},"55":{"start":{"line":172,"column":27},"end":{"line":172,"column":70}},"56":{"start":{"line":174,"column":4},"end":{"line":181,"column":5}},"57":{"start":{"line":175,"column":6},"end":{"line":175,"column":37}},"58":{"start":{"line":176,"column":6},"end":{"line":180,"column":9}},"59":{"start":{"line":184,"column":22},"end":{"line":184,"column":59}},"60":{"start":{"line":186,"column":20},"end":{"line":191,"column":5}},"61":{"start":{"line":194,"column":4},"end":{"line":197,"column":6}},"62":{"start":{"line":199,"column":4},"end":{"line":199,"column":33}},"63":{"start":{"line":201,"column":4},"end":{"line":206,"column":7}},"64":{"start":{"line":209,"column":4},"end":{"line":209,"column":35}},"65":{"start":{"line":210,"column":4},"end":{"line":210,"column":45}},"66":{"start":{"line":211,"column":4},"end":{"line":211,"column":66}},"67":{"start":{"line":213,"column":4},"end":{"line":213,"column":21}},"68":{"start":{"line":218,"column":24},"end":{"line":282,"column":1}},"69":{"start":{"line":219,"column":17},"end":{"line":219,"column":37}},"70":{"start":{"line":221,"column":2},"end":{"line":281,"column":3}},"71":{"start":{"line":222,"column":4},"end":{"line":222,"column":32}},"72":{"start":{"line":224,"column":37},"end":{"line":224,"column":45}},"73":{"start":{"line":226,"column":4},"end":{"line":229,"column":5}},"74":{"start":{"line":227,"column":6},"end":{"line":227,"column":37}},"75":{"start":{"line":228,"column":6},"end":{"line":228,"column":79}},"76":{"start":{"line":232,"column":20},"end":{"line":237,"column":5}},"77":{"start":{"line":239,"column":4},"end":{"line":242,"column":5}},"78":{"start":{"line":240,"column":6},"end":{"line":240,"column":37}},"79":{"start":{"line":241,"column":6},"end":{"line":241,"column":86}},"80":{"start":{"line":244,"column":17},"end":{"line":244,"column":32}},"81":{"start":{"line":247,"column":4},"end":{"line":250,"column":5}},"82":{"start":{"line":248,"column":6},"end":{"line":248,"column":37}},"83":{"start":{"line":249,"column":6},"end":{"line":249,"column":65}},"84":{"start":{"line":253,"column":4},"end":{"line":258,"column":6}},"85":{"start":{"line":261,"column":4},"end":{"line":266,"column":6}},"86":{"start":{"line":268,"column":4},"end":{"line":268,"column":33}},"87":{"start":{"line":270,"column":4},"end":{"line":273,"column":7}},"88":{"start":{"line":276,"column":4},"end":{"line":276,"column":35}},"89":{"start":{"line":277,"column":4},"end":{"line":277,"column":46}},"90":{"start":{"line":278,"column":4},"end":{"line":278,"column":67}},"91":{"start":{"line":280,"column":4},"end":{"line":280,"column":21}},"92":{"start":{"line":285,"column":24},"end":{"line":339,"column":1}},"93":{"start":{"line":286,"column":17},"end":{"line":286,"column":37}},"94":{"start":{"line":288,"column":2},"end":{"line":338,"column":3}},"95":{"start":{"line":289,"column":4},"end":{"line":289,"column":32}},"96":{"start":{"line":291,"column":27},"end":{"line":291,"column":35}},"97":{"start":{"line":293,"column":4},"end":{"line":296,"column":5}},"98":{"start":{"line":294,"column":6},"end":{"line":294,"column":37}},"99":{"start":{"line":295,"column":6},"end":{"line":295,"column":67}},"100":{"start":{"line":299,"column":20},"end":{"line":304,"column":5}},"101":{"start":{"line":306,"column":4},"end":{"line":309,"column":5}},"102":{"start":{"line":307,"column":6},"end":{"line":307,"column":37}},"103":{"start":{"line":308,"column":6},"end":{"line":308,"column":69}},"104":{"start":{"line":311,"column":17},"end":{"line":311,"column":32}},"105":{"start":{"line":314,"column":4},"end":{"line":317,"column":6}},"106":{"start":{"line":320,"column":4},"end":{"line":323,"column":6}},"107":{"start":{"line":325,"column":4},"end":{"line":325,"column":33}},"108":{"start":{"line":327,"column":4},"end":{"line":330,"column":7}},"109":{"start":{"line":333,"column":4},"end":{"line":333,"column":35}},"110":{"start":{"line":334,"column":4},"end":{"line":334,"column":46}},"111":{"start":{"line":335,"column":4},"end":{"line":335,"column":67}},"112":{"start":{"line":337,"column":4},"end":{"line":337,"column":21}},"113":{"start":{"line":342,"column":28},"end":{"line":395,"column":1}},"114":{"start":{"line":343,"column":17},"end":{"line":343,"column":37}},"115":{"start":{"line":345,"column":2},"end":{"line":394,"column":3}},"116":{"start":{"line":346,"column":4},"end":{"line":346,"column":32}},"117":{"start":{"line":349,"column":25},"end":{"line":353,"column":5}},"118":{"start":{"line":355,"column":23},"end":{"line":355,"column":24}},"119":{"start":{"line":357,"column":4},"end":{"line":371,"column":5}},"120":{"start":{"line":359,"column":6},"end":{"line":362,"column":8}},"121":{"start":{"line":365,"column":6},"end":{"line":368,"column":8}},"122":{"start":{"line":370,"column":6},"end":{"line":370,"column":21}},"123":{"start":{"line":373,"column":4},"end":{"line":373,"column":33}},"124":{"start":{"line":375,"column":4},"end":{"line":381,"column":5}},"125":{"start":{"line":376,"column":6},"end":{"line":380,"column":9}},"126":{"start":{"line":383,"column":4},"end":{"line":383,"column":68}},"127":{"start":{"line":384,"column":4},"end":{"line":384,"column":24}},"128":{"start":{"line":387,"column":4},"end":{"line":387,"column":35}},"129":{"start":{"line":388,"column":4},"end":{"line":388,"column":55}},"130":{"start":{"line":389,"column":4},"end":{"line":391,"column":5}},"131":{"start":{"line":390,"column":6},"end":{"line":390,"column":73}},"132":{"start":{"line":393,"column":4},"end":{"line":393,"column":21}},"133":{"start":{"line":398,"column":22},"end":{"line":450,"column":1}},"134":{"start":{"line":399,"column":2},"end":{"line":449,"column":3}},"135":{"start":{"line":400,"column":27},"end":{"line":400,"column":36}},"136":{"start":{"line":402,"column":4},"end":{"line":404,"column":5}},"137":{"start":{"line":403,"column":6},"end":{"line":403,"column":77}},"138":{"start":{"line":407,"column":20},"end":{"line":415,"column":5}},"139":{"start":{"line":417,"column":4},"end":{"line":419,"column":5}},"140":{"start":{"line":418,"column":6},"end":{"line":418,"column":43}},"141":{"start":{"line":421,"column":17},"end":{"line":421,"column":32}},"142":{"start":{"line":424,"column":4},"end":{"line":430,"column":5}},"143":{"start":{"line":425,"column":6},"end":{"line":429,"column":9}},"144":{"start":{"line":432,"column":4},"end":{"line":444,"column":7}},"145":{"start":{"line":447,"column":4},"end":{"line":447,"column":49}},"146":{"start":{"line":448,"column":4},"end":{"line":448,"column":74}},"147":{"start":{"line":452,"column":0},"end":{"line":460,"column":2}}},"fnMap":{"0":{"name":"(anonymous_0)","decl":{"start":{"line":4,"column":17},"end":{"line":4,"column":18}},"loc":{"start":{"line":4,"column":37},"end":{"line":74,"column":1}},"line":4},"1":{"name":"(anonymous_1)","decl":{"start":{"line":77,"column":26},"end":{"line":77,"column":27}},"loc":{"start":{"line":77,"column":46},"end":{"line":120,"column":1}},"line":77},"2":{"name":"(anonymous_2)","decl":{"start":{"line":123,"column":23},"end":{"line":123,"column":24}},"loc":{"start":{"line":123,"column":43},"end":{"line":215,"column":1}},"line":123},"3":{"name":"(anonymous_3)","decl":{"start":{"line":218,"column":24},"end":{"line":218,"column":25}},"loc":{"start":{"line":218,"column":44},"end":{"line":282,"column":1}},"line":218},"4":{"name":"(anonymous_4)","decl":{"start":{"line":285,"column":24},"end":{"line":285,"column":25}},"loc":{"start":{"line":285,"column":44},"end":{"line":339,"column":1}},"line":285},"5":{"name":"(anonymous_5)","decl":{"start":{"line":342,"column":28},"end":{"line":342,"column":29}},"loc":{"start":{"line":342,"column":48},"end":{"line":395,"column":1}},"line":342},"6":{"name":"(anonymous_6)","decl":{"start":{"line":398,"column":22},"end":{"line":398,"column":23}},"loc":{"start":{"line":398,"column":42},"end":{"line":450,"column":1}},"line":398}},"branchMap":{"0":{"loc":{"start":{"line":20,"column":4},"end":{"line":22,"column":5}},"type":"if","locations":[{"start":{"line":20,"column":4},"end":{"line":22,"column":5}},{"start":{},"end":{}}],"line":20},"1":{"loc":{"start":{"line":20,"column":8},"end":{"line":20,"column":75}},"type":"binary-expr","locations":[{"start":{"line":20,"column":8},"end":{"line":20,"column":15}},{"start":{"line":20,"column":19},"end":{"line":20,"column":24}},{"start":{"line":20,"column":28},"end":{"line":20,"column":33}},{"start":{"line":20,"column":37},"end":{"line":20,"column":52}},{"start":{"line":20,"column":56},"end":{"line":20,"column":65}},{"start":{"line":20,"column":69},"end":{"line":20,"column":75}}],"line":20},"2":{"loc":{"start":{"line":39,"column":4},"end":{"line":42,"column":5}},"type":"if","locations":[{"start":{"line":39,"column":4},"end":{"line":42,"column":5}},{"start":{},"end":{}}],"line":39},"3":{"loc":{"start":{"line":81,"column":4},"end":{"line":85,"column":5}},"type":"if","locations":[{"start":{"line":81,"column":4},"end":{"line":85,"column":5}},{"start":{},"end":{}}],"line":81},"4":{"loc":{"start":{"line":81,"column":8},"end":{"line":81,"column":55}},"type":"binary-expr","locations":[{"start":{"line":81,"column":8},"end":{"line":81,"column":16}},{"start":{"line":81,"column":20},"end":{"line":81,"column":25}},{"start":{"line":81,"column":29},"end":{"line":81,"column":34}},{"start":{"line":81,"column":38},"end":{"line":81,"column":55}}],"line":81},"5":{"loc":{"start":{"line":95,"column":4},"end":{"line":99,"column":5}},"type":"if","locations":[{"start":{"line":95,"column":4},"end":{"line":99,"column":5}},{"start":{},"end":{}}],"line":95},"6":{"loc":{"start":{"line":111,"column":15},"end":{"line":113,"column":85}},"type":"cond-expr","locations":[{"start":{"line":112,"column":10},"end":{"line":112,"column":58}},{"start":{"line":113,"column":10},"end":{"line":113,"column":85}}],"line":111},"7":{"loc":{"start":{"line":131,"column":4},"end":{"line":136,"column":5}},"type":"if","locations":[{"start":{"line":131,"column":4},"end":{"line":136,"column":5}},{"start":{},"end":{}}],"line":131},"8":{"loc":{"start":{"line":131,"column":8},"end":{"line":131,"column":59}},"type":"binary-expr","locations":[{"start":{"line":131,"column":8},"end":{"line":131,"column":16}},{"start":{"line":131,"column":20},"end":{"line":131,"column":25}},{"start":{"line":131,"column":29},"end":{"line":131,"column":34}},{"start":{"line":131,"column":38},"end":{"line":131,"column":44}},{"start":{"line":131,"column":48},"end":{"line":131,"column":59}}],"line":131},"9":{"loc":{"start":{"line":139,"column":4},"end":{"line":142,"column":5}},"type":"if","locations":[{"start":{"line":139,"column":4},"end":{"line":142,"column":5}},{"start":{},"end":{}}],"line":139},"10":{"loc":{"start":{"line":139,"column":8},"end":{"line":139,"column":64}},"type":"binary-expr","locations":[{"start":{"line":139,"column":8},"end":{"line":139,"column":41}},{"start":{"line":139,"column":45},"end":{"line":139,"column":64}}],"line":139},"11":{"loc":{"start":{"line":152,"column":4},"end":{"line":155,"column":5}},"type":"if","locations":[{"start":{"line":152,"column":4},"end":{"line":155,"column":5}},{"start":{},"end":{}}],"line":152},"12":{"loc":{"start":{"line":174,"column":4},"end":{"line":181,"column":5}},"type":"if","locations":[{"start":{"line":174,"column":4},"end":{"line":181,"column":5}},{"start":{},"end":{}}],"line":174},"13":{"loc":{"start":{"line":226,"column":4},"end":{"line":229,"column":5}},"type":"if","locations":[{"start":{"line":226,"column":4},"end":{"line":229,"column":5}},{"start":{},"end":{}}],"line":226},"14":{"loc":{"start":{"line":226,"column":8},"end":{"line":226,"column":32}},"type":"binary-expr","locations":[{"start":{"line":226,"column":8},"end":{"line":226,"column":19}},{"start":{"line":226,"column":23},"end":{"line":226,"column":32}}],"line":226},"15":{"loc":{"start":{"line":239,"column":4},"end":{"line":242,"column":5}},"type":"if","locations":[{"start":{"line":239,"column":4},"end":{"line":242,"column":5}},{"start":{},"end":{}}],"line":239},"16":{"loc":{"start":{"line":247,"column":4},"end":{"line":250,"column":5}},"type":"if","locations":[{"start":{"line":247,"column":4},"end":{"line":250,"column":5}},{"start":{},"end":{}}],"line":247},"17":{"loc":{"start":{"line":293,"column":4},"end":{"line":296,"column":5}},"type":"if","locations":[{"start":{"line":293,"column":4},"end":{"line":296,"column":5}},{"start":{},"end":{}}],"line":293},"18":{"loc":{"start":{"line":306,"column":4},"end":{"line":309,"column":5}},"type":"if","locations":[{"start":{"line":306,"column":4},"end":{"line":309,"column":5}},{"start":{},"end":{}}],"line":306},"19":{"loc":{"start":{"line":375,"column":4},"end":{"line":381,"column":5}},"type":"if","locations":[{"start":{"line":375,"column":4},"end":{"line":381,"column":5}},{"start":{},"end":{}}],"line":375},"20":{"loc":{"start":{"line":389,"column":4},"end":{"line":391,"column":5}},"type":"if","locations":[{"start":{"line":389,"column":4},"end":{"line":391,"column":5}},{"start":{},"end":{}}],"line":389},"21":{"loc":{"start":{"line":402,"column":4},"end":{"line":404,"column":5}},"type":"if","locations":[{"start":{"line":402,"column":4},"end":{"line":404,"column":5}},{"start":{},"end":{}}],"line":402},"22":{"loc":{"start":{"line":417,"column":4},"end":{"line":419,"column":5}},"type":"if","locations":[{"start":{"line":417,"column":4},"end":{"line":419,"column":5}},{"start":{},"end":{}}],"line":417},"23":{"loc":{"start":{"line":424,"column":4},"end":{"line":430,"column":5}},"type":"if","locations":[{"start":{"line":424,"column":4},"end":{"line":430,"column":5}},{"start":{},"end":{}}],"line":424}},"s":{"0":1,"1":1,"2":0,"3":0,"4":0,"5":0,"6":0,"7":0,"8":0,"9":0,"10":0,"11":0,"12":0,"13":0,"14":0,"15":0,"16":0,"17":0,"18":0,"19":0,"20":0,"21":1,"22":0,"23":0,"24":0,"25":0,"26":0,"27":0,"28":0,"29":0,"30":0,"31":0,"32":0,"33":0,"34":0,"35":1,"36":0,"37":0,"38":0,"39":0,"40":0,"41":0,"42":0,"43":0,"44":0,"45":0,"46":0,"47":0,"48":0,"49":0,"50":0,"51":0,"52":0,"53":0,"54":0,"55":0,"56":0,"57":0,"58":0,"59":0,"60":0,"61":0,"62":0,"63":0,"64":0,"65":0,"66":0,"67":0,"68":1,"69":0,"70":0,"71":0,"72":0,"73":0,"74":0,"75":0,"76":0,"77":0,"78":0,"79":0,"80":0,"81":0,"82":0,"83":0,"84":0,"85":0,"86":0,"87":0,"88":0,"89":0,"90":0,"91":0,"92":1,"93":0,"94":0,"95":0,"96":0,"97":0,"98":0,"99":0,"100":0,"101":0,"102":0,"103":0,"104":0,"105":0,"106":0,"107":0,"108":0,"109":0,"110":0,"111":0,"112":0,"113":1,"114":0,"115":0,"116":0,"117":0,"118":0,"119":0,"120":0,"121":0,"122":0,"123":0,"124":0,"125":0,"126":0,"127":0,"128":0,"129":0,"130":0,"131":0,"132":0,"133":1,"134":0,"135":0,"136":0,"137":0,"138":0,"139":0,"140":0,"141":0,"142":0,"143":0,"144":0,"145":0,"146":0,"147":1},"f":{"0":0,"1":0,"2":0,"3":0,"4":0,"5":0,"6":0},"b":{"0":[0,0],"1":[0,0,0,0,0,0],"2":[0,0],"3":[0,0],"4":[0,0,0,0],"5":[0,0],"6":[0,0],"7":[0,0],"8":[0,0,0,0,0],"9":[0,0],"10":[0,0],"11":[0,0],"12":[0,0],"13":[0,0],"14":[0,0],"15":[0,0],"16":[0,0],"17":[0,0],"18":[0,0],"19":[0,0],"20":[0,0],"21":[0,0],"22":[0,0],"23":[0,0]},"_coverageSchema":"1a1c01bbd47fc00a2c39e90264f33305004495a9","hash":"6b59c26f1abf5a35ac13c5c9b1b824bc08b9e6d3"}
,"C:\\Users\\DELL\\OneDrive\\Desktop\\buddy-tour\\controllers\\tourController.js": {"path":"C:\\Users\\DELL\\OneDrive\\Desktop\\buddy-tour\\controllers\\tourController.js","statementMap":{"0":{"start":{"line":1,"column":13},"end":{"line":1,"column":42}},"1":{"start":{"line":4,"column":20},"end":{"line":31,"column":1}},"2":{"start":{"line":5,"column":17},"end":{"line":5,"column":27}},"3":{"start":{"line":7,"column":2},"end":{"line":30,"column":3}},"4":{"start":{"line":8,"column":20},"end":{"line":11,"column":5}},"5":{"start":{"line":13,"column":4},"end":{"line":15,"column":5}},"6":{"start":{"line":14,"column":6},"end":{"line":14,"column":63}},"7":{"start":{"line":17,"column":25},"end":{"line":20,"column":5}},"8":{"start":{"line":22,"column":4},"end":{"line":25,"column":7}},"9":{"start":{"line":28,"column":4},"end":{"line":28,"column":46}},"10":{"start":{"line":29,"column":4},"end":{"line":29,"column":77}},"11":{"start":{"line":34,"column":22},"end":{"line":68,"column":1}},"12":{"start":{"line":35,"column":19},"end":{"line":35,"column":29}},"13":{"start":{"line":37,"column":2},"end":{"line":67,"column":3}},"14":{"start":{"line":38,"column":20},"end":{"line":44,"column":5}},"15":{"start":{"line":46,"column":4},"end":{"line":48,"column":5}},"16":{"start":{"line":47,"column":6},"end":{"line":47,"column":63}},"17":{"start":{"line":50,"column":19},"end":{"line":50,"column":37}},"18":{"start":{"line":52,"column":25},"end":{"line":58,"column":5}},"19":{"start":{"line":60,"column":4},"end":{"line":63,"column":7}},"20":{"start":{"line":65,"column":4},"end":{"line":65,"column":54}},"21":{"start":{"line":66,"column":4},"end":{"line":66,"column":87}},"22":{"start":{"line":71,"column":20},"end":{"line":81,"column":1}},"23":{"start":{"line":72,"column":2},"end":{"line":80,"column":3}},"24":{"start":{"line":73,"column":19},"end":{"line":75,"column":5}},"25":{"start":{"line":76,"column":4},"end":{"line":76,"column":37}},"26":{"start":{"line":78,"column":4},"end":{"line":78,"column":48}},"27":{"start":{"line":79,"column":4},"end":{"line":79,"column":52}},"28":{"start":{"line":83,"column":0},"end":{"line":87,"column":2}}},"fnMap":{"0":{"name":"(anonymous_0)","decl":{"start":{"line":4,"column":20},"end":{"line":4,"column":21}},"loc":{"start":{"line":4,"column":40},"end":{"line":31,"column":1}},"line":4},"1":{"name":"(anonymous_1)","decl":{"start":{"line":34,"column":22},"end":{"line":34,"column":23}},"loc":{"start":{"line":34,"column":42},"end":{"line":68,"column":1}},"line":34},"2":{"name":"(anonymous_2)","decl":{"start":{"line":71,"column":20},"end":{"line":71,"column":21}},"loc":{"start":{"line":71,"column":40},"end":{"line":81,"column":1}},"line":71}},"branchMap":{"0":{"loc":{"start":{"line":13,"column":4},"end":{"line":15,"column":5}},"type":"if","locations":[{"start":{"line":13,"column":4},"end":{"line":15,"column":5}},{"start":{},"end":{}}],"line":13},"1":{"loc":{"start":{"line":46,"column":4},"end":{"line":48,"column":5}},"type":"if","locations":[{"start":{"line":46,"column":4},"end":{"line":48,"column":5}},{"start":{},"end":{}}],"line":46}},"s":{"0":1,"1":1,"2":2,"3":2,"4":2,"5":2,"6":1,"7":1,"8":1,"9":0,"10":0,"11":1,"12":2,"13":2,"14":2,"15":2,"16":1,"17":1,"18":1,"19":1,"20":0,"21":0,"22":1,"23":2,"24":2,"25":1,"26":1,"27":1,"28":1},"f":{"0":2,"1":2,"2":2},"b":{"0":[1,1],"1":[1,1]},"_coverageSchema":"1a1c01bbd47fc00a2c39e90264f33305004495a9","hash":"effde62f065ce0a96829a8d317154b48f1ebef7d"}
,"C:\\Users\\DELL\\OneDrive\\Desktop\\buddy-tour\\routes\\bookingRoutes.js": {"path":"C:\\Users\\DELL\\OneDrive\\Desktop\\buddy-tour\\routes\\bookingRoutes.js","statementMap":{"0":{"start":{"line":1,"column":16},"end":{"line":1,"column":34}},"1":{"start":{"line":2,"column":15},"end":{"line":2,"column":31}},"2":{"start":{"line":3,"column":126},"end":{"line":3,"column":169}},"3":{"start":{"line":4,"column":52},"end":{"line":4,"column":92}},"4":{"start":{"line":7,"column":0},"end":{"line":7,"column":36}},"5":{"start":{"line":10,"column":0},"end":{"line":10,"column":38}},"6":{"start":{"line":13,"column":0},"end":{"line":13,"column":50}},"7":{"start":{"line":16,"column":0},"end":{"line":16,"column":34}},"8":{"start":{"line":19,"column":0},"end":{"line":19,"column":53}},"9":{"start":{"line":23,"column":0},"end":{"line":23,"column":44}},"10":{"start":{"line":26,"column":0},"end":{"line":26,"column":46}},"11":{"start":{"line":29,"column":0},"end":{"line":29,"column":46}},"12":{"start":{"line":32,"column":0},"end":{"line":32,"column":58}},"13":{"start":{"line":35,"column":0},"end":{"line":35,"column":46}},"14":{"start":{"line":37,"column":0},"end":{"line":37,"column":24}}},"fnMap":{},"branchMap":{},"s":{"0":1,"1":1,"2":1,"3":1,"4":1,"5":1,"6":1,"7":1,"8":1,"9":1,"10":1,"11":1,"12":1,"13":1,"14":1},"f":{},"b":{},"_coverageSchema":"1a1c01bbd47fc00a2c39e90264f33305004495a9","hash":"0f4e88fb72f2b2c7988c3c82b955b1b498de4c77"}
}
