TN:
SF:controllers\bookingController.js
FN:4,(anonymous_0)
FN:77,(anonymous_1)
FN:123,(anonymous_2)
FN:218,(anonymous_3)
FN:285,(anonymous_4)
FN:342,(anonymous_5)
FN:398,(anonymous_6)
FNF:7
FNH:0
FNDA:0,(anonymous_0)
FNDA:0,(anonymous_1)
FNDA:0,(anonymous_2)
FNDA:0,(anonymous_3)
FNDA:0,(anonymous_4)
FNDA:0,(anonymous_5)
FNDA:0,(anonymous_6)
DA:1,1
DA:4,1
DA:5,0
DA:7,0
DA:18,0
DA:20,0
DA:21,0
DA:24,0
DA:26,0
DA:36,0
DA:37,0
DA:39,0
DA:40,0
DA:41,0
DA:44,0
DA:60,0
DA:62,0
DA:68,0
DA:69,0
DA:70,0
DA:72,0
DA:77,1
DA:78,0
DA:79,0
DA:81,0
DA:82,0
DA:88,0
DA:95,0
DA:96,0
DA:101,0
DA:102,0
DA:103,0
DA:105,0
DA:117,0
DA:118,0
DA:123,1
DA:124,0
DA:126,0
DA:127,0
DA:129,0
DA:131,0
DA:132,0
DA:133,0
DA:138,0
DA:139,0
DA:140,0
DA:141,0
DA:145,0
DA:152,0
DA:153,0
DA:154,0
DA:157,0
DA:158,0
DA:161,0
DA:167,0
DA:172,0
DA:174,0
DA:175,0
DA:176,0
DA:184,0
DA:186,0
DA:194,0
DA:199,0
DA:201,0
DA:209,0
DA:210,0
DA:211,0
DA:213,0
DA:218,1
DA:219,0
DA:221,0
DA:222,0
DA:224,0
DA:226,0
DA:227,0
DA:228,0
DA:232,0
DA:239,0
DA:240,0
DA:241,0
DA:244,0
DA:247,0
DA:248,0
DA:249,0
DA:253,0
DA:261,0
DA:268,0
DA:270,0
DA:276,0
DA:277,0
DA:278,0
DA:280,0
DA:285,1
DA:286,0
DA:288,0
DA:289,0
DA:291,0
DA:293,0
DA:294,0
DA:295,0
DA:299,0
DA:306,0
DA:307,0
DA:308,0
DA:311,0
DA:314,0
DA:320,0
DA:325,0
DA:327,0
DA:333,0
DA:334,0
DA:335,0
DA:337,0
DA:342,1
DA:343,0
DA:345,0
DA:346,0
DA:349,0
DA:355,0
DA:357,0
DA:359,0
DA:365,0
DA:370,0
DA:373,0
DA:375,0
DA:376,0
DA:383,0
DA:384,0
DA:387,0
DA:388,0
DA:389,0
DA:390,0
DA:393,0
DA:398,1
DA:399,0
DA:400,0
DA:402,0
DA:403,0
DA:407,0
DA:417,0
DA:418,0
DA:421,0
DA:424,0
DA:425,0
DA:432,0
DA:447,0
DA:448,0
DA:452,1
LF:148
LH:9
BRDA:20,0,0,0
BRDA:20,0,1,0
BRDA:20,1,0,0
BRDA:20,1,1,0
BRDA:20,1,2,0
BRDA:20,1,3,0
BRDA:20,1,4,0
BRDA:20,1,5,0
BRDA:39,2,0,0
BRDA:39,2,1,0
BRDA:81,3,0,0
BRDA:81,3,1,0
BRDA:81,4,0,0
BRDA:81,4,1,0
BRDA:81,4,2,0
BRDA:81,4,3,0
BRDA:95,5,0,0
BRDA:95,5,1,0
BRDA:111,6,0,0
BRDA:111,6,1,0
BRDA:131,7,0,0
BRDA:131,7,1,0
BRDA:131,8,0,0
BRDA:131,8,1,0
BRDA:131,8,2,0
BRDA:131,8,3,0
BRDA:131,8,4,0
BRDA:139,9,0,0
BRDA:139,9,1,0
BRDA:139,10,0,0
BRDA:139,10,1,0
BRDA:152,11,0,0
BRDA:152,11,1,0
BRDA:174,12,0,0
BRDA:174,12,1,0
BRDA:226,13,0,0
BRDA:226,13,1,0
BRDA:226,14,0,0
BRDA:226,14,1,0
BRDA:239,15,0,0
BRDA:239,15,1,0
BRDA:247,16,0,0
BRDA:247,16,1,0
BRDA:293,17,0,0
BRDA:293,17,1,0
BRDA:306,18,0,0
BRDA:306,18,1,0
BRDA:375,19,0,0
BRDA:375,19,1,0
BRDA:389,20,0,0
BRDA:389,20,1,0
BRDA:402,21,0,0
BRDA:402,21,1,0
BRDA:417,22,0,0
BRDA:417,22,1,0
BRDA:424,23,0,0
BRDA:424,23,1,0
BRF:57
BRH:0
end_of_record
TN:
SF:controllers\tourController.js
FN:4,(anonymous_0)
FN:34,(anonymous_1)
FN:71,(anonymous_2)
FNF:3
FNH:3
FNDA:2,(anonymous_0)
FNDA:2,(anonymous_1)
FNDA:2,(anonymous_2)
DA:1,1
DA:4,1
DA:5,2
DA:7,2
DA:8,2
DA:13,2
DA:14,1
DA:17,1
DA:22,1
DA:28,0
DA:29,0
DA:34,1
DA:35,2
DA:37,2
DA:38,2
DA:46,2
DA:47,1
DA:50,1
DA:52,1
DA:60,1
DA:65,0
DA:66,0
DA:71,1
DA:72,2
DA:73,2
DA:76,1
DA:78,1
DA:79,1
DA:83,1
LF:29
LH:25
BRDA:13,0,0,1
BRDA:13,0,1,1
BRDA:46,1,0,1
BRDA:46,1,1,1
BRF:4
BRH:4
end_of_record
TN:
SF:routes\bookingRoutes.js
FNF:0
FNH:0
DA:1,1
DA:2,1
DA:3,1
DA:4,1
DA:7,1
DA:10,1
DA:13,1
DA:16,1
DA:19,1
DA:23,1
DA:26,1
DA:29,1
DA:32,1
DA:35,1
DA:37,1
LF:15
LH:15
BRF:0
BRH:0
end_of_record
