TN:
SF:controllers\bookingController.js
FN:4,(anonymous_0)
FNF:1
FNH:1
FNDA:21,(anonymous_0)
DA:1,3
DA:4,3
DA:5,21
DA:7,21
DA:18,21
DA:20,21
DA:21,14
DA:24,7
DA:26,7
DA:36,5
DA:37,5
DA:39,5
DA:40,2
DA:41,2
DA:44,3
DA:60,2
DA:62,2
DA:68,3
DA:69,3
DA:70,3
DA:72,21
DA:76,3
LF:22
LH:22
BRDA:20,0,0,14
BRDA:20,0,1,7
BRDA:20,1,0,21
BRDA:20,1,1,14
BRDA:20,1,2,13
BRDA:20,1,3,12
BRDA:20,1,4,11
BRDA:20,1,5,8
BRDA:39,2,0,2
BRDA:39,2,1,3
BRF:10
BRH:10
end_of_record
TN:
SF:controllers\tourController.js
FN:4,(anonymous_0)
FN:34,(anonymous_1)
FN:71,(anonymous_2)
FNF:3
FNH:3
FNDA:5,(anonymous_0)
FNDA:3,(anonymous_1)
FNDA:4,(anonymous_2)
DA:1,3
DA:4,3
DA:5,5
DA:7,5
DA:8,5
DA:13,4
DA:14,2
DA:17,2
DA:22,2
DA:28,1
DA:29,1
DA:34,3
DA:35,3
DA:37,3
DA:38,3
DA:46,3
DA:47,1
DA:50,2
DA:52,2
DA:60,2
DA:65,0
DA:66,0
DA:71,3
DA:72,4
DA:73,4
DA:76,2
DA:78,2
DA:79,2
DA:83,3
LF:29
LH:27
BRDA:13,0,0,2
BRDA:13,0,1,2
BRDA:46,1,0,1
BRDA:46,1,1,2
BRF:4
BRH:4
end_of_record
TN:
SF:routes\bookingRoutes.js
FNF:0
FNH:0
DA:1,2
DA:2,2
DA:3,2
DA:4,2
DA:7,2
DA:10,2
DA:13,2
DA:16,2
DA:19,2
LF:9
LH:9
BRF:0
BRH:0
end_of_record
TN:
SF:routes\exchangeRatesRoute.js
FN:6,(anonymous_0)
FNF:1
FNH:1
FNDA:7,(anonymous_0)
DA:1,1
DA:2,1
DA:3,1
DA:6,1
DA:7,7
DA:8,7
DA:10,6
DA:11,5
DA:12,5
DA:14,1
DA:15,1
DA:18,1
DA:19,1
DA:23,1
LF:14
LH:14
BRDA:10,0,0,5
BRDA:10,0,1,1
BRF:2
BRH:2
end_of_record
TN:
SF:services\exchangeRates.js
FN:3,(anonymous_0)
FN:4,(anonymous_1)
FN:4,(anonymous_2)
FN:12,(anonymous_3)
FNF:4
FNH:2
FNDA:4,(anonymous_0)
FNDA:0,(anonymous_1)
FNDA:0,(anonymous_2)
FNDA:5,(anonymous_3)
DA:2,5
DA:3,4
DA:4,0
DA:6,5
DA:7,5
DA:10,5
DA:12,5
DA:13,5
DA:15,5
DA:16,1
DA:19,4
DA:23,3
DA:24,1
DA:27,2
DA:28,2
DA:36,2
DA:43,2
DA:44,2
DA:47,2
DA:48,2
DA:60,5
LF:21
LH:20
BRDA:2,0,0,5
BRDA:2,0,1,0
BRDA:15,1,0,1
BRDA:15,1,1,4
BRDA:15,2,0,5
BRDA:15,2,1,1
BRDA:23,3,0,1
BRDA:23,3,1,2
BRDA:30,4,0,2
BRDA:30,4,1,0
BRDA:31,5,0,2
BRDA:31,5,1,0
BRDA:32,6,0,2
BRDA:32,6,1,0
BRDA:33,7,0,2
BRDA:33,7,1,0
BRF:16
BRH:11
end_of_record
